# JRE version: OpenJDK Runtime Environment (21.0.9) (build 21.0.9+-14787801-b1163.94)
# Java VM: OpenJDK 64-Bit Server VM (21.0.9+-14787801-b1163.94, mixed mode, tiered, compressed oops, compressed class ptrs, g1 gc, windows-amd64)
GC Precious Log:
 CardTable entry size: 512
 Card Set container configuration: InlinePtr #cards 5 size 8 Array Of Cards #cards 12 size 40 Howl #buckets 4 coarsen threshold 1843 Howl Bitmap #cards 512 size 80 coarsen threshold 460 Card regions per heap region 1 cards per card region 2048
 CPUs: 4 total, 4 available
 Memory: 3891M
 Large Page Support: Disabled
 NUMA Support: Disabled
 Compressed Oops: Enabled (32-bit)
 Heap Region Size: 1M
 Heap Min Capacity: 8M
 Heap Initial Capacity: 62M
 Heap Max Capacity: 2G
 Pre-touch: Disabled
 Parallel Workers: 4
 Concurrent Workers: 1
 Concurrent Refinement Workers: 4
 Periodic GC: Disabled
Heap:
 garbage-first heap   total 297984K, used 227811K [0x0000000080000000, 0x0000000100000000)
  region size 1024K, 66 young (67584K), 7 survivors (7168K)
 Metaspace       used 157319K, committed 159936K, reserved 1245184K
  class space    used 21707K, committed 22976K, reserved 1048576K
GC Heap History (20 events):
Event: 231.581 GC heap before
{Heap before GC invocations=82 (full 0):
 garbage-first heap   total 297984K, used 188369K [0x0000000080000000, 0x0000000100000000)
  region size 1024K, 59 young (60416K), 4 survivors (4096K)
 Metaspace       used 119988K, committed 122432K, reserved 1179648K
  class space    used 16926K, committed 18112K, reserved 1048576K
}
Event: 231.687 GC heap after
{Heap after GC invocations=83 (full 0):
 garbage-first heap   total 297984K, used 139690K [0x0000000080000000, 0x0000000100000000)
  region size 1024K, 9 young (9216K), 9 survivors (9216K)
 Metaspace       used 119988K, committed 122432K, reserved 1179648K
  class space    used 16926K, committed 18112K, reserved 1048576K
}
Event: 251.193 GC heap before
{Heap before GC invocations=84 (full 0):
 garbage-first heap   total 297984K, used 262570K [0x0000000080000000, 0x0000000100000000)
  region size 1024K, 112 young (114688K), 9 survivors (9216K)
 Metaspace       used 124139K, committed 126528K, reserved 1179648K
  class space    used 17345K, committed 18496K, reserved 1048576K
}
Event: 251.355 GC heap after
{Heap after GC invocations=85 (full 0):
 garbage-first heap   total 297984K, used 145160K [0x0000000080000000, 0x0000000100000000)
  region size 1024K, 12 young (12288K), 12 survivors (12288K)
 Metaspace       used 124139K, committed 126528K, reserved 1179648K
  class space    used 17345K, committed 18496K, reserved 1048576K
}
Event: 305.985 GC heap before
{Heap before GC invocations=85 (full 0):
 garbage-first heap   total 297984K, used 271112K [0x0000000080000000, 0x0000000100000000)
  region size 1024K, 136 young (139264K), 12 survivors (12288K)
 Metaspace       used 124563K, committed 126976K, reserved 1179648K
  class space    used 17383K, committed 18560K, reserved 1048576K
}
Event: 306.275 GC heap after
{Heap after GC invocations=86 (full 0):
 garbage-first heap   total 297984K, used 140747K [0x0000000080000000, 0x0000000100000000)
  region size 1024K, 3 young (3072K), 3 survivors (3072K)
 Metaspace       used 124563K, committed 126976K, reserved 1179648K
  class space    used 17383K, committed 18560K, reserved 1048576K
}
Event: 324.398 GC heap before
{Heap before GC invocations=86 (full 0):
 garbage-first heap   total 297984K, used 276939K [0x0000000080000000, 0x0000000100000000)
  region size 1024K, 135 young (138240K), 3 survivors (3072K)
 Metaspace       used 127308K, committed 129728K, reserved 1179648K
  class space    used 17706K, committed 18880K, reserved 1048576K
}
Event: 324.656 GC heap after
{Heap after GC invocations=87 (full 0):
 garbage-first heap   total 297984K, used 151971K [0x0000000080000000, 0x0000000100000000)
  region size 1024K, 14 young (14336K), 14 survivors (14336K)
 Metaspace       used 127308K, committed 129728K, reserved 1179648K
  class space    used 17706K, committed 18880K, reserved 1048576K
}
Event: 324.902 GC heap before
{Heap before GC invocations=87 (full 0):
 garbage-first heap   total 297984K, used 152995K [0x0000000080000000, 0x0000000100000000)
  region size 1024K, 15 young (15360K), 14 survivors (14336K)
 Metaspace       used 127355K, committed 129856K, reserved 1179648K
  class space    used 17720K, committed 18944K, reserved 1048576K
}
Event: 324.982 GC heap after
{Heap after GC invocations=88 (full 0):
 garbage-first heap   total 297984K, used 153088K [0x0000000080000000, 0x0000000100000000)
  region size 1024K, 2 young (2048K), 2 survivors (2048K)
 Metaspace       used 127355K, committed 129856K, reserved 1179648K
  class space    used 17720K, committed 18944K, reserved 1048576K
}
Event: 332.816 GC heap before
{Heap before GC invocations=88 (full 0):
 garbage-first heap   total 297984K, used 272896K [0x0000000080000000, 0x0000000100000000)
  region size 1024K, 120 young (122880K), 2 survivors (2048K)
 Metaspace       used 139831K, committed 142272K, reserved 1179648K
  class space    used 19615K, committed 20800K, reserved 1048576K
}
Event: 332.874 GC heap after
{Heap after GC invocations=89 (full 0):
 garbage-first heap   total 297984K, used 161077K [0x0000000080000000, 0x0000000100000000)
  region size 1024K, 9 young (9216K), 9 survivors (9216K)
 Metaspace       used 139831K, committed 142272K, reserved 1179648K
  class space    used 19615K, committed 20800K, reserved 1048576K
}
Event: 337.819 GC heap before
{Heap before GC invocations=89 (full 0):
 garbage-first heap   total 297984K, used 254261K [0x0000000080000000, 0x0000000100000000)
  region size 1024K, 100 young (102400K), 9 survivors (9216K)
 Metaspace       used 145267K, committed 147712K, reserved 1179648K
  class space    used 20326K, committed 21504K, reserved 1048576K
}
Event: 337.851 GC heap after
{Heap after GC invocations=90 (full 0):
 garbage-first heap   total 297984K, used 158981K [0x0000000080000000, 0x0000000100000000)
  region size 1024K, 3 young (3072K), 3 survivors (3072K)
 Metaspace       used 145267K, committed 147712K, reserved 1179648K
  class space    used 20326K, committed 21504K, reserved 1048576K
}
Event: 340.949 GC heap before
{Heap before GC invocations=90 (full 0):
 garbage-first heap   total 297984K, used 213253K [0x0000000080000000, 0x0000000100000000)
  region size 1024K, 58 young (59392K), 3 survivors (3072K)
 Metaspace       used 146856K, committed 149376K, reserved 1179648K
  class space    used 20566K, committed 21824K, reserved 1048576K
}
Event: 340.984 GC heap after
{Heap after GC invocations=91 (full 0):
 garbage-first heap   total 297984K, used 165238K [0x0000000080000000, 0x0000000100000000)
  region size 1024K, 9 young (9216K), 9 survivors (9216K)
 Metaspace       used 146856K, committed 149376K, reserved 1179648K
  class space    used 20566K, committed 21824K, reserved 1048576K
}
Event: 345.376 GC heap before
{Heap before GC invocations=92 (full 0):
 garbage-first heap   total 297984K, used 277878K [0x0000000080000000, 0x0000000100000000)
  region size 1024K, 115 young (117760K), 9 survivors (9216K)
 Metaspace       used 151316K, committed 153856K, reserved 1245184K
  class space    used 20920K, committed 22144K, reserved 1048576K
}
Event: 345.429 GC heap after
{Heap after GC invocations=93 (full 0):
 garbage-first heap   total 297984K, used 163756K [0x0000000080000000, 0x0000000100000000)
  region size 1024K, 5 young (5120K), 5 survivors (5120K)
 Metaspace       used 151316K, committed 153856K, reserved 1245184K
  class space    used 20920K, committed 22144K, reserved 1048576K
}
Event: 349.486 GC heap before
{Heap before GC invocations=93 (full 0):
 garbage-first heap   total 297984K, used 274348K [0x0000000080000000, 0x0000000100000000)
  region size 1024K, 114 young (116736K), 5 survivors (5120K)
 Metaspace       used 156029K, committed 158592K, reserved 1245184K
  class space    used 21506K, committed 22720K, reserved 1048576K
}
Event: 349.523 GC heap after
{Heap after GC invocations=94 (full 0):
 garbage-first heap   total 297984K, used 155107K [0x0000000080000000, 0x0000000100000000)
  region size 1024K, 7 young (7168K), 7 survivors (7168K)
 Metaspace       used 156029K, committed 158592K, reserved 1245184K
  class space    used 21506K, committed 22720K, reserved 1048576K
}

