# JRE version: OpenJDK Runtime Environment (21.0.9) (build 21.0.9+-14787801-b1163.94)
# Java VM: OpenJDK 64-Bit Server VM (21.0.9+-14787801-b1163.94, mixed mode, tiered, compressed oops, compressed class ptrs, g1 gc, windows-amd64)
GC Precious Log:
 CardTable entry size: 512
 Card Set container configuration: InlinePtr #cards 5 size 8 Array Of Cards #cards 12 size 40 Howl #buckets 4 coarsen threshold 1843 Howl Bitmap #cards 512 size 80 coarsen threshold 460 Card regions per heap region 1 cards per card region 2048
 CPUs: 4 total, 4 available
 Memory: 3891M
 Large Page Support: Disabled
 NUMA Support: Disabled
 Compressed Oops: Enabled (32-bit)
 Heap Region Size: 1M
 Heap Min Capacity: 8M
 Heap Initial Capacity: 62M
 Heap Max Capacity: 2G
 Pre-touch: Disabled
 Parallel Workers: 4
 Concurrent Workers: 1
 Concurrent Refinement Workers: 4
 Periodic GC: Disabled
Heap:
 garbage-first heap   total 368640K, used 274432K [0x0000000080000000, 0x0000000100000000)
  region size 1024K, 88 young (90112K), 12 survivors (12288K)
 Metaspace       used 154737K, committed 157440K, reserved 1245184K
  class space    used 21124K, committed 22464K, reserved 1048576K
GC Heap History (20 events):
Event: 1318.834 GC heap before
{Heap before GC invocations=82 (full 0):
 garbage-first heap   total 301056K, used 276123K [0x0000000080000000, 0x0000000100000000)
  region size 1024K, 89 young (91136K), 7 survivors (7168K)
 Metaspace       used 151195K, committed 153920K, reserved 1245184K
  class space    used 20773K, committed 22080K, reserved 1048576K
}
Event: 1318.877 GC heap after
{Heap after GC invocations=83 (full 0):
 garbage-first heap   total 301056K, used 196537K [0x0000000080000000, 0x0000000100000000)
  region size 1024K, 3 young (3072K), 3 survivors (3072K)
 Metaspace       used 151195K, committed 153920K, reserved 1245184K
  class space    used 20773K, committed 22080K, reserved 1048576K
}
Event: 1319.224 GC heap before
{Heap before GC invocations=83 (full 0):
 garbage-first heap   total 301056K, used 279481K [0x0000000080000000, 0x0000000100000000)
  region size 1024K, 85 young (87040K), 3 survivors (3072K)
 Metaspace       used 151205K, committed 153920K, reserved 1245184K
  class space    used 20773K, committed 22080K, reserved 1048576K
}
Event: 1319.254 GC heap after
{Heap after GC invocations=84 (full 0):
 garbage-first heap   total 361472K, used 197044K [0x0000000080000000, 0x0000000100000000)
  region size 1024K, 4 young (4096K), 4 survivors (4096K)
 Metaspace       used 151205K, committed 153920K, reserved 1245184K
  class space    used 20773K, committed 22080K, reserved 1048576K
}
Event: 1319.571 GC heap before
{Heap before GC invocations=84 (full 0):
 garbage-first heap   total 361472K, used 292276K [0x0000000080000000, 0x0000000100000000)
  region size 1024K, 98 young (100352K), 4 survivors (4096K)
 Metaspace       used 151205K, committed 153920K, reserved 1245184K
  class space    used 20773K, committed 22080K, reserved 1048576K
}
Event: 1319.577 GC heap after
{Heap after GC invocations=85 (full 0):
 garbage-first heap   total 361472K, used 197561K [0x0000000080000000, 0x0000000100000000)
  region size 1024K, 4 young (4096K), 4 survivors (4096K)
 Metaspace       used 151205K, committed 153920K, reserved 1245184K
  class space    used 20773K, committed 22080K, reserved 1048576K
}
Event: 1320.495 GC heap before
{Heap before GC invocations=85 (full 0):
 garbage-first heap   total 361472K, used 340921K [0x0000000080000000, 0x0000000100000000)
  region size 1024K, 144 young (147456K), 4 survivors (4096K)
 Metaspace       used 151242K, committed 153984K, reserved 1245184K
  class space    used 20775K, committed 22080K, reserved 1048576K
}
Event: 1320.533 GC heap after
{Heap after GC invocations=86 (full 0):
 garbage-first heap   total 361472K, used 198773K [0x0000000080000000, 0x0000000100000000)
  region size 1024K, 6 young (6144K), 6 survivors (6144K)
 Metaspace       used 151242K, committed 153984K, reserved 1245184K
  class space    used 20775K, committed 22080K, reserved 1048576K
}
Event: 1323.249 GC heap before
{Heap before GC invocations=86 (full 0):
 garbage-first heap   total 361472K, used 340085K [0x0000000080000000, 0x0000000100000000)
  region size 1024K, 145 young (148480K), 6 survivors (6144K)
 Metaspace       used 151268K, committed 153984K, reserved 1245184K
  class space    used 20775K, committed 22080K, reserved 1048576K
}
Event: 1323.290 GC heap after
{Heap after GC invocations=87 (full 0):
 garbage-first heap   total 361472K, used 200311K [0x0000000080000000, 0x0000000100000000)
  region size 1024K, 7 young (7168K), 7 survivors (7168K)
 Metaspace       used 151268K, committed 153984K, reserved 1245184K
  class space    used 20775K, committed 22080K, reserved 1048576K
}
Event: 1327.388 GC heap before
{Heap before GC invocations=88 (full 0):
 garbage-first heap   total 361472K, used 359031K [0x0000000080000000, 0x0000000100000000)
  region size 1024K, 145 young (148480K), 7 survivors (7168K)
 Metaspace       used 153177K, committed 155968K, reserved 1245184K
  class space    used 20936K, committed 22272K, reserved 1048576K
}
Event: 1327.403 GC heap after
{Heap after GC invocations=89 (full 0):
 garbage-first heap   total 368640K, used 201441K [0x0000000080000000, 0x0000000100000000)
  region size 1024K, 8 young (8192K), 8 survivors (8192K)
 Metaspace       used 153177K, committed 155968K, reserved 1245184K
  class space    used 20936K, committed 22272K, reserved 1048576K
}
Event: 1328.466 GC heap before
{Heap before GC invocations=89 (full 0):
 garbage-first heap   total 368640K, used 348897K [0x0000000080000000, 0x0000000100000000)
  region size 1024K, 153 young (156672K), 8 survivors (8192K)
 Metaspace       used 153345K, committed 156096K, reserved 1245184K
  class space    used 20950K, committed 22272K, reserved 1048576K
}
Event: 1328.484 GC heap after
{Heap after GC invocations=90 (full 0):
 garbage-first heap   total 368640K, used 196374K [0x0000000080000000, 0x0000000100000000)
  region size 1024K, 9 young (9216K), 9 survivors (9216K)
 Metaspace       used 153345K, committed 156096K, reserved 1245184K
  class space    used 20950K, committed 22272K, reserved 1048576K
}
Event: 1329.138 GC heap before
{Heap before GC invocations=90 (full 0):
 garbage-first heap   total 368640K, used 349974K [0x0000000080000000, 0x0000000100000000)
  region size 1024K, 159 young (162816K), 9 survivors (9216K)
 Metaspace       used 153523K, committed 156288K, reserved 1245184K
  class space    used 20967K, committed 22336K, reserved 1048576K
}
Event: 1329.165 GC heap after
{Heap after GC invocations=91 (full 0):
 garbage-first heap   total 368640K, used 197910K [0x0000000080000000, 0x0000000100000000)
  region size 1024K, 11 young (11264K), 11 survivors (11264K)
 Metaspace       used 153523K, committed 156288K, reserved 1245184K
  class space    used 20967K, committed 22336K, reserved 1048576K
}
Event: 1330.588 GC heap before
{Heap before GC invocations=92 (full 0):
 garbage-first heap   total 368640K, used 348438K [0x0000000080000000, 0x0000000100000000)
  region size 1024K, 159 young (162816K), 11 survivors (11264K)
 Metaspace       used 154280K, committed 156992K, reserved 1245184K
  class space    used 21082K, committed 22400K, reserved 1048576K
}
Event: 1330.616 GC heap after
{Heap after GC invocations=93 (full 0):
 garbage-first heap   total 368640K, used 200470K [0x0000000080000000, 0x0000000100000000)
  region size 1024K, 13 young (13312K), 13 survivors (13312K)
 Metaspace       used 154280K, committed 156992K, reserved 1245184K
  class space    used 21082K, committed 22400K, reserved 1048576K
}
Event: 1331.543 GC heap before
{Heap before GC invocations=93 (full 0):
 garbage-first heap   total 368640K, used 349974K [0x0000000080000000, 0x0000000100000000)
  region size 1024K, 159 young (162816K), 13 survivors (13312K)
 Metaspace       used 154682K, committed 157440K, reserved 1245184K
  class space    used 21121K, committed 22464K, reserved 1048576K
}
Event: 1331.606 GC heap after
{Heap after GC invocations=94 (full 0):
 garbage-first heap   total 368640K, used 197632K [0x0000000080000000, 0x0000000100000000)
  region size 1024K, 12 young (12288K), 12 survivors (12288K)
 Metaspace       used 154682K, committed 157440K, reserved 1245184K
  class space    used 21121K, committed 22464K, reserved 1048576K
}

